<?xml version="1.0" encoding="UTF-8"?>
<testng-results ignored="0" total="1" passed="1" failed="0" skipped="0">
  <reporter-output>
  </reporter-output>
  <suite started-at="2025-11-01T23:50:57 EDT" name="Surefire suite" finished-at="2025-11-01T23:51:07 EDT" duration-ms="9188">
    <groups>
    </groups>
    <test started-at="2025-11-01T23:50:57 EDT" name="Surefire test" finished-at="2025-11-01T23:51:07 EDT" duration-ms="9188">
      <class name="com.opencart.tests.CustomerRegistrationTest">
        <test-method is-config="true" signature="setup()[pri:0, instance:com.opencart.tests.CustomerRegistrationTest@1677d1]" started-at="2025-11-01T23:50:57 EDT" name="setup" finished-at="2025-11-01T23:51:01 EDT" duration-ms="3592" status="PASS">
          <reporter-output>
          </reporter-output>
        </test-method> <!-- setup -->
        <test-method signature="testValidRegistration()[pri:0, instance:com.opencart.tests.CustomerRegistrationTest@1677d1]" started-at="2025-11-01T23:51:01 EDT" name="testValidRegistration" finished-at="2025-11-01T23:51:03 EDT" duration-ms="2301" status="PASS">
          <reporter-output>
          </reporter-output>
        </test-method> <!-- testValidRegistration -->
        <test-method is-config="true" signature="tearDown()[pri:0, instance:com.opencart.tests.CustomerRegistrationTest@1677d1]" started-at="2025-11-01T23:51:03 EDT" name="tearDown" finished-at="2025-11-01T23:51:07 EDT" duration-ms="3255" status="PASS">
          <reporter-output>
          </reporter-output>
        </test-method> <!-- tearDown -->
      </class> <!-- com.opencart.tests.CustomerRegistrationTest -->
    </test> <!-- Surefire test -->
  </suite> <!-- Surefire suite -->
</testng-results>
